0 info it worked if it ends with ok
1 verbose cli [ '/usr/bin/node', '/usr/bin/npm', 'install', 'modernizr@2.8.3' ]
2 info using npm@1.4.28
3 info using node@v0.10.32
4 verbose readDependencies using package.json deps
5 verbose cache add [ 'modernizr@2.8.3', null ]
6 verbose cache add name=undefined spec="modernizr@2.8.3" args=["modernizr@2.8.3",null]
7 verbose parsed url { protocol: null,
7 verbose parsed url   slashes: null,
7 verbose parsed url   auth: null,
7 verbose parsed url   host: null,
7 verbose parsed url   port: null,
7 verbose parsed url   hostname: null,
7 verbose parsed url   hash: null,
7 verbose parsed url   search: null,
7 verbose parsed url   query: null,
7 verbose parsed url   pathname: 'modernizr@2.8.3',
7 verbose parsed url   path: 'modernizr@2.8.3',
7 verbose parsed url   href: 'modernizr@2.8.3' }
8 verbose cache add name="modernizr" spec="2.8.3" args=["modernizr","2.8.3"]
9 verbose parsed url { protocol: null,
9 verbose parsed url   slashes: null,
9 verbose parsed url   auth: null,
9 verbose parsed url   host: null,
9 verbose parsed url   port: null,
9 verbose parsed url   hostname: null,
9 verbose parsed url   hash: null,
9 verbose parsed url   search: null,
9 verbose parsed url   query: null,
9 verbose parsed url   pathname: '2.8.3',
9 verbose parsed url   path: '2.8.3',
9 verbose parsed url   href: '2.8.3' }
10 verbose addNamed [ 'modernizr', '2.8.3' ]
11 verbose addNamed [ '2.8.3', '2.8.3' ]
12 silly lockFile 2168d5f1-modernizr-2-8-3 modernizr@2.8.3
13 verbose lock modernizr@2.8.3 /home/mabel/.npm/2168d5f1-modernizr-2-8-3.lock
14 verbose request where is /modernizr
15 verbose request registry https://registry.npmjs.org/
16 verbose request id f432b471302f4a59
17 verbose url raw /modernizr
18 verbose url resolving [ 'https://registry.npmjs.org/', './modernizr' ]
19 verbose url resolved https://registry.npmjs.org/modernizr
20 verbose request where is https://registry.npmjs.org/modernizr
21 info trying registry request attempt 1 at 12:29:27
22 verbose etag "B6V2WHGKKLAVR7ATXGVNX2L9Z"
23 http GET https://registry.npmjs.org/modernizr
24 http 304 https://registry.npmjs.org/modernizr
25 silly registry.get cb [ 304,
25 silly registry.get   { date: 'Sun, 28 Dec 2014 09:30:14 GMT',
25 silly registry.get     server: 'Apache',
25 silly registry.get     via: '1.1 varnish',
25 silly registry.get     'last-modified': 'Sun, 28 Dec 2014 09:30:14 GMT',
25 silly registry.get     'cache-control': 'max-age=60',
25 silly registry.get     etag: '"B6V2WHGKKLAVR7ATXGVNX2L9Z"',
25 silly registry.get     age: '0',
25 silly registry.get     'x-served-by': 'cache-fra1220-FRA',
25 silly registry.get     'x-cache': 'MISS',
25 silly registry.get     'x-cache-hits': '0',
25 silly registry.get     'x-timer': 'S1419759014.652725,VS0,VE169',
25 silly registry.get     vary: 'Accept',
25 silly registry.get     'content-length': '0',
25 silly registry.get     'keep-alive': 'timeout=10, max=50',
25 silly registry.get     connection: 'Keep-Alive' } ]
26 verbose etag https://registry.npmjs.org/modernizr from cache
27 silly lockFile 2168d5f1-modernizr-2-8-3 modernizr@2.8.3
28 silly lockFile 2168d5f1-modernizr-2-8-3 modernizr@2.8.3
29 error Error: version not found: modernizr@2.8.3
29 error     at /usr/lib/node_modules/npm/lib/cache/add-named.js:125:12
29 error     at saved (/usr/lib/node_modules/npm/node_modules/npm-registry-client/lib/get.js:167:7)
29 error     at Object.oncomplete (fs.js:107:15)
30 error If you need help, you may report this *entire* log,
30 error including the npm and node versions, at:
30 error     <http://github.com/npm/npm/issues>
31 error System Linux 3.10.17
32 error command "/usr/bin/node" "/usr/bin/npm" "install" "modernizr@2.8.3"
33 error cwd /mnt/storage/.3f-lab/_reusable/html5-boilerplate
34 error node -v v0.10.32
35 error npm -v 1.4.28
36 verbose exit [ 1, true ]
